#
# A fatal error has been detected by the Java Runtime Environment:
#
#  EXCEPTION_ACCESS_VIOLATION (0xc0000005) at pc=0x0000000050baf3bb, pid=17956, tid=0x0000000000001f04
#
# JRE version: OpenJDK Runtime Environment (8.0_152-b01) (build 1.8.0_152-release-1343-b01)
# Java VM: OpenJDK 64-Bit Server VM (25.152-b01 mixed mode windows-amd64 compressed oops)
# Problematic frame:
# V  [jvm.dll+0xef3bb]
#
# Failed to write core dump. Minidumps are not enabled by default on client versions of Windows
#
# If you would like to submit a bug report, please visit:
#   http://bugreport.java.com/bugreport/crash.jsp
#

---------------  T H R E A D  ---------------

Current thread (0x00000000032e4800):  GCTaskThread [stack: 0x00000000131f0000,0x00000000132f0000] [id=7940]

siginfo: ExceptionCode=0xc0000005, reading address 0x000000060126dec8

Registers:
RAX=0x00000000132f0000, RBX=0x00000000c0d0a4e8, RCX=0x0000000000000003, RDX=0x0000000000000001
RSP=0x00000000132ef6f0, RBP=0x00000000c3f588b8, RSI=0x00000000033b3c20, RDI=0x00000000033b3c20
R8 =0x000000060126dec0, R9 =0x00000001008b16a0, R10=0x000000000000000c, R11=0x0000000051088888
R12=0x00000000c3f588c0, R13=0x00000001008b18f8, R14=0x00000001008b1900, R15=0x00000000c3f588a8
RIP=0x0000000050baf3bb, EFLAGS=0x0000000000010206

Top of Stack: (sp=0x00000000132ef6f0)
0x00000000132ef6f0:   00000001008b16a0 00000000c3f5890c
0x00000000132ef700:   0000000000000004 0000000050cb5fd2
0x00000000132ef710:   0000000000000000 00000000000003d8
0x00000000132ef720:   00000000032e5268 00000000032e3520
0x00000000132ef730:   00000000000027db 0000000050e83de0
0x00000000132ef740:   000000001701ff20 0000000015d65740
0x00000000132ef750:   00000000033b3c20 00000000032e4e90
0x00000000132ef760:   0000152f0000095a 0000000000000c00
0x00000000132ef770:   0000000000000000 0000000000000000
0x00000000132ef780:   0000000000000000 000000001c7e1800
0x00000000132ef790:   0000000000000001 000000001f7ae401
0x00000000132ef7a0:   0000fd975d3879ee 00000000032e5268
0x00000000132ef7b0:   00000000032e4e90 00000000000003d8
0x00000000132ef7c0:   00000000032e4e90 00000000032e3520
0x00000000132ef7d0:   00000000032e4e80 0000000015d65740
0x00000000132ef7e0:   00000000033b3c20 0000000050e80e43 

Instructions: (pc=0x0000000050baf3bb)
0x0000000050baf39b:   6c 00 84 d2 74 16 44 8b 43 08 8b 0d ad d2 66 00
0x0000000050baf3ab:   49 d3 e0 4c 03 05 9b d2 66 00 eb 04 4c 8b 43 08
0x0000000050baf3bb:   45 8b 48 08 45 85 c9 7e 0c 41 f6 c1 01 75 4b 41
0x0000000050baf3cb:   c1 f9 03 eb 57 79 43 84 d2 41 8b c9 b8 10 00 00 


Register to memory mapping:

RAX=0x00000000132f0000 is an unknown value
RBX=0x00000000c0d0a4e8 is pointing into object: 0x00000000c0d0a4b8
java.lang.Class 
 - klass: 'java/lang/Class'
RCX=0x0000000000000003 is an unknown value
RDX=0x0000000000000001 is an unknown value
RSP=0x00000000132ef6f0 is an unknown value
RBP=0x00000000c3f588b8 is pointing into object: 0x00000000c3f588a8
org.gradle.internal.fingerprint.impl.DefaultFileSystemLocationFingerprint 
 - klass: 'org/gradle/internal/fingerprint/impl/DefaultFileSystemLocationFingerprint'
RSI=0x00000000033b3c20 is an unknown value
RDI=0x00000000033b3c20 is an unknown value
R8 =0x000000060126dec0 is an unknown value
R9 =0x00000001008b16a0 is pointing into metadata
R10=0x000000000000000c is an unknown value
R11=0x0000000051088888 is an unknown value
R12=0x00000000c3f588c0 is an oop
java.util.LinkedHashMap$Entry 
 - klass: 'java/util/LinkedHashMap$Entry'
R13=0x00000001008b18f8 is pointing into metadata
R14=0x00000001008b1900 is pointing into metadata
R15=0x00000000c3f588a8 is an oop
org.gradle.internal.fingerprint.impl.DefaultFileSystemLocationFingerprint 
 - klass: 'org/gradle/internal/fingerprint/impl/DefaultFileSystemLocationFingerprint'


Stack: [0x00000000131f0000,0x00000000132f0000],  sp=0x00000000132ef6f0,  free space=1021k
Native frames: (J=compiled Java code, j=interpreted, Vv=VM code, C=native code)
V  [jvm.dll+0xef3bb]
V  [jvm.dll+0x3c3de0]
V  [jvm.dll+0x3c0e43]
V  [jvm.dll+0x3bec9e]
V  [jvm.dll+0x26d9aa]
C  [msvcr100.dll+0x21d9f]
C  [msvcr100.dll+0x21e3b]
C  [KERNEL32.DLL+0x14034]
C  [ntdll.dll+0x73691]


---------------  P R O C E S S  ---------------

Java Threads: ( => current thread )
  0x000000001fe87000 JavaThread "ForkJoinPool-1-worker-0" daemon [_thread_blocked, id=4920, stack(0x000000002bbf0000,0x000000002bcf0000)]
  0x000000001fe86000 JavaThread "ForkJoinPool-1-worker-7" daemon [_thread_blocked, id=6692, stack(0x000000002baf0000,0x000000002bbf0000)]
  0x000000001fe81800 JavaThread "ForkJoinPool-1-worker-6" daemon [_thread_blocked, id=14328, stack(0x000000002b9f0000,0x000000002baf0000)]
  0x000000001fe85800 JavaThread "ForkJoinPool-1-worker-5" daemon [_thread_blocked, id=16336, stack(0x000000002b8f0000,0x000000002b9f0000)]
  0x000000001fe84000 JavaThread "ForkJoinPool-1-worker-4" daemon [_thread_blocked, id=852, stack(0x000000002b7f0000,0x000000002b8f0000)]
  0x000000001fe83000 JavaThread "ForkJoinPool-1-worker-3" daemon [_thread_blocked, id=9356, stack(0x000000002a460000,0x000000002a560000)]
  0x000000001fe84800 JavaThread "ForkJoinPool-1-worker-2" daemon [_thread_blocked, id=8100, stack(0x000000002a360000,0x000000002a460000)]
  0x000000001fe7f800 JavaThread "ForkJoinPool-1-worker-1" daemon [_thread_blocked, id=6928, stack(0x000000002a260000,0x000000002a360000)]
  0x000000001c7e3800 JavaThread "ForkJoinPool.commonPool-worker-0" daemon [_thread_blocked, id=4732, stack(0x0000000028990000,0x0000000028a90000)]
  0x000000001c7e3000 JavaThread "ForkJoinPool.commonPool-worker-7" daemon [_thread_blocked, id=16832, stack(0x00000000278c0000,0x00000000279c0000)]
  0x000000001c7e2000 JavaThread "ForkJoinPool.commonPool-worker-6" daemon [_thread_blocked, id=15264, stack(0x00000000277c0000,0x00000000278c0000)]
  0x000000001c7e0800 JavaThread "ForkJoinPool.commonPool-worker-5" daemon [_thread_blocked, id=3212, stack(0x00000000276c0000,0x00000000277c0000)]
  0x000000001c7de000 JavaThread "ForkJoinPool.commonPool-worker-3" daemon [_thread_blocked, id=19156, stack(0x00000000274c0000,0x00000000275c0000)]
  0x000000001c7dc000 JavaThread "ForkJoinPool.commonPool-worker-1" daemon [_thread_blocked, id=5172, stack(0x00000000271c0000,0x00000000272c0000)]
  0x000000001c7e1800 JavaThread "Cache worker for Java compile cache (C:\Users\federico\AndroidStudioProjects\absolutelynothing\.gradle\5.1.1\javaCompile)" [_thread_blocked, id=6040, stack(0x00000000270c0000,0x00000000271c0000)]
  0x000000001c7d4800 JavaThread "Cache worker for Java compile cache (C:\Users\federico\.gradle\caches\5.1.1\javaCompile)" [_thread_blocked, id=17960, stack(0x0000000026fc0000,0x00000000270c0000)]
  0x000000001c7db000 JavaThread "stdout" [_thread_in_native, id=18664, stack(0x0000000026ec0000,0x0000000026fc0000)]
  0x000000001c7d9800 JavaThread "stderr" [_thread_in_native, id=18584, stack(0x0000000026dc0000,0x0000000026ec0000)]
  0x000000001c7d5000 JavaThread "pool-4-thread-1" [_thread_blocked, id=14272, stack(0x0000000026cc0000,0x0000000026dc0000)]
  0x000000001c7d9000 JavaThread "Cache worker for execution history cache (C:\Users\federico\AndroidStudioProjects\absolutelynothing\.gradle\5.1.1\executionHistory)" [_thread_blocked, id=2536, stack(0x0000000026bc0000,0x0000000026cc0000)]
  0x000000001c7d7800 JavaThread "Execution worker for ':' Thread 7" [_thread_blocked, id=19244, stack(0x0000000026ac0000,0x0000000026bc0000)]
  0x00000000197a9800 JavaThread "Execution worker for ':' Thread 6" [_thread_blocked, id=12100, stack(0x00000000269c0000,0x0000000026ac0000)]
  0x000000001ffdb800 JavaThread "Execution worker for ':' Thread 5" [_thread_blocked, id=17860, stack(0x00000000268c0000,0x00000000269c0000)]
  0x000000001ffda000 JavaThread "Execution worker for ':' Thread 4" [_thread_blocked, id=16912, stack(0x00000000267c0000,0x00000000268c0000)]
  0x000000001ffe0000 JavaThread "Execution worker for ':' Thread 3" [_thread_blocked, id=15192, stack(0x00000000266c0000,0x00000000267c0000)]
  0x000000001ffdb000 JavaThread "Execution worker for ':' Thread 2" [_thread_blocked, id=18076, stack(0x00000000265c0000,0x00000000266c0000)]
  0x000000001ffdf800 JavaThread "Execution worker for ':'" [_thread_blocked, id=3776, stack(0x00000000264c0000,0x00000000265c0000)]
  0x000000001ffde800 JavaThread "Cache worker for file content cache (C:\Users\federico\AndroidStudioProjects\absolutelynothing\.gradle\5.1.1\fileContent)" [_thread_blocked, id=8880, stack(0x00000000263c0000,0x00000000264c0000)]
  0x000000001ffd9800 JavaThread "Cache worker for file content cache (C:\Users\federico\.gradle\caches\5.1.1\fileContent)" [_thread_blocked, id=18640, stack(0x00000000262c0000,0x00000000263c0000)]
  0x000000001ffd2000 JavaThread "Cache worker for Build Output Cleanup Cache (C:\Users\federico\AndroidStudioProjects\absolutelynothing\.gradle\buildOutputCleanup)" [_thread_blocked, id=16452, stack(0x00000000261c0000,0x00000000262c0000)]
  0x000000001ffd7000 JavaThread "pool-3-thread-1" [_thread_blocked, id=8824, stack(0x00000000260c0000,0x00000000261c0000)]
  0x000000001ffd6800 JavaThread "Build operations Thread 8" [_thread_blocked, id=14044, stack(0x0000000025fc0000,0x00000000260c0000)]
  0x000000001ffd5800 JavaThread "Build operations Thread 7" [_thread_blocked, id=14964, stack(0x0000000025ec0000,0x0000000025fc0000)]
  0x000000001ffd8800 JavaThread "Build operations Thread 6" [_thread_blocked, id=13472, stack(0x0000000025dc0000,0x0000000025ec0000)]
  0x000000001ffd4000 JavaThread "Build operations Thread 5" [_thread_blocked, id=1812, stack(0x0000000025cc0000,0x0000000025dc0000)]
  0x000000001c09a000 JavaThread "Build operations Thread 4" [_thread_blocked, id=17796, stack(0x0000000025bc0000,0x0000000025cc0000)]
  0x000000001c099000 JavaThread "Build operations Thread 3" [_thread_blocked, id=11832, stack(0x0000000025ac0000,0x0000000025bc0000)]
  0x000000001c098800 JavaThread "Build operations Thread 2" [_thread_blocked, id=17480, stack(0x00000000259c0000,0x0000000025ac0000)]
  0x000000001c097800 JavaThread "Build operations" [_thread_blocked, id=11468, stack(0x00000000258c0000,0x00000000259c0000)]
  0x000000001c095800 JavaThread "Cache worker for cache directory md-rule (C:\Users\federico\.gradle\caches\5.1.1\md-rule)" [_thread_blocked, id=19028, stack(0x00000000257c0000,0x00000000258c0000)]
  0x000000001c09b800 JavaThread "Cache worker for cache directory md-supplier (C:\Users\federico\.gradle\caches\5.1.1\md-supplier)" [_thread_blocked, id=13156, stack(0x00000000256c0000,0x00000000257c0000)]
  0x000000001c09a800 JavaThread "Cache worker for file hash cache (C:\Users\federico\AndroidStudioProjects\absolutelynothing\.gradle\5.1.1\fileHashes)" [_thread_blocked, id=14180, stack(0x00000000255c0000,0x00000000256c0000)]
  0x000000001c096000 JavaThread "Thread-37" [_thread_blocked, id=17148, stack(0x00000000254c0000,0x00000000255c0000)]
  0x000000001c08e000 JavaThread "Stdin handler" [_thread_blocked, id=11092, stack(0x00000000253c0000,0x00000000254c0000)]
  0x000000001c093000 JavaThread "Asynchronous log dispatcher for DefaultDaemonConnection: socket connection from /127.0.0.1:62822 to /127.0.0.1:62840" [_thread_blocked, id=6244, stack(0x00000000252c0000,0x00000000253c0000)]
  0x000000001c094000 JavaThread "Cancel handler" [_thread_blocked, id=13628, stack(0x00000000251c0000,0x00000000252c0000)]
  0x000000001c092800 JavaThread "Handler for socket connection from /127.0.0.1:62822 to /127.0.0.1:62840" [_thread_in_native, id=18084, stack(0x00000000250c0000,0x00000000251c0000)]
  0x000000001c08e800 JavaThread "Memory manager" [_thread_blocked, id=10288, stack(0x0000000022f60000,0x0000000023060000)]
  0x000000001ffd8000 JavaThread "Cache worker for execution history cache (C:\Users\federico\.gradle\caches\5.1.1\executionHistory)" [_thread_blocked, id=12780, stack(0x0000000022460000,0x0000000022560000)]
  0x00000000197a8000 JavaThread "Cache worker for journal cache (C:\Users\federico\.gradle\caches\journal-1)" [_thread_blocked, id=17476, stack(0x000000001b820000,0x000000001b920000)]
  0x00000000197ad800 JavaThread "File lock request listener" [_thread_in_native, id=14516, stack(0x000000001b720000,0x000000001b820000)]
  0x0000000019fce000 JavaThread "Cache worker for file hash cache (C:\Users\federico\.gradle\caches\5.1.1\fileHashes)" [_thread_blocked, id=19060, stack(0x000000001b620000,0x000000001b720000)]
  0x0000000019f79800 JavaThread "Daemon worker" [_thread_blocked, id=18920, stack(0x000000001b120000,0x000000001b220000)]
  0x0000000019aa1800 JavaThread "Daemon" [_thread_blocked, id=6200, stack(0x000000001ac20000,0x000000001ad20000)]
  0x0000000019db5800 JavaThread "Daemon periodic checks" [_thread_blocked, id=12820, stack(0x000000001ab20000,0x000000001ac20000)]
  0x0000000019db3800 JavaThread "Incoming local TCP Connector on port 62822" [_thread_in_native, id=9888, stack(0x000000001a8e0000,0x000000001a9e0000)]
  0x0000000017e5a800 JavaThread "Service Thread" daemon [_thread_blocked, id=12200, stack(0x00000000189d0000,0x0000000018ad0000)]
  0x0000000017e18800 JavaThread "C1 CompilerThread3" daemon [_thread_blocked, id=7984, stack(0x00000000188d0000,0x00000000189d0000)]
  0x0000000017e0b800 JavaThread "C2 CompilerThread2" daemon [_thread_blocked, id=17712, stack(0x00000000187d0000,0x00000000188d0000)]
  0x0000000017e0b000 JavaThread "C2 CompilerThread1" daemon [_thread_blocked, id=13560, stack(0x00000000186d0000,0x00000000187d0000)]
  0x0000000017e08800 JavaThread "C2 CompilerThread0" daemon [_thread_blocked, id=3440, stack(0x00000000185d0000,0x00000000186d0000)]
  0x0000000017e06800 JavaThread "Attach Listener" daemon [_thread_blocked, id=18848, stack(0x00000000184d0000,0x00000000185d0000)]
  0x0000000015eee800 JavaThread "Signal Dispatcher" daemon [_thread_blocked, id=10484, stack(0x00000000183d0000,0x00000000184d0000)]
  0x00000000033b9000 JavaThread "Finalizer" daemon [_thread_blocked, id=12844, stack(0x00000000181e0000,0x00000000182e0000)]
  0x00000000033b6000 JavaThread "Reference Handler" daemon [_thread_blocked, id=16544, stack(0x0000000017ce0000,0x0000000017de0000)]
  0x00000000032bd800 JavaThread "main" [_thread_blocked, id=8796, stack(0x00000000030d0000,0x00000000031d0000)]

Other Threads:
  0x0000000015ed8800 VMThread [stack: 0x0000000017be0000,0x0000000017ce0000] [id=12832]
  0x0000000017e5b800 WatcherThread [stack: 0x0000000018ad0000,0x0000000018bd0000] [id=15112]

=>0x00000000032e4800 (exited) GCTaskThread [stack: 0x00000000131f0000,0x00000000132f0000] [id=7940]

VM state:at safepoint (normal execution)

VM Mutex/Monitor currently owned by a thread:  ([mutex/lock_event])
[0x00000000032bcdd0] Threads_lock - owner thread: 0x0000000015ed8800
[0x00000000032bd0d0] Heap_lock - owner thread: 0x000000001fe83000

Heap:
 PSYoungGen      total 301056K, used 48126K [0x00000000eab00000, 0x0000000100000000, 0x0000000100000000)
  eden space 252928K, 0% used [0x00000000eab00000,0x00000000eab00000,0x00000000fa200000)
  from space 48128K, 99% used [0x00000000fa200000,0x00000000fd0ff9c0,0x00000000fd100000)
  to   space 48128K, 0% used [0x00000000fd100000,0x00000000fd100000,0x0000000100000000)
 ParOldGen       total 216064K, used 197099K [0x00000000c0000000, 0x00000000cd300000, 0x00000000eab00000)
  object space 216064K, 91% used [0x00000000c0000000,0x00000000cc07afc8,0x00000000cd300000)
 Metaspace       used 92619K, capacity 97328K, committed 97536K, reserved 1134592K
  class space    used 11865K, capacity 12747K, committed 12800K, reserved 1048576K

Card table byte_map: [0x0000000012780000,0x0000000012990000] byte_map_base: 0x0000000012180000

Marking Bits: (ParMarkBitMap*) 0x0000000051285aa0
 Begin Bits: [0x00000000132f0000, 0x00000000142f0000)
 End Bits:   [0x00000000142f0000, 0x00000000152f0000)

Polling page: 0x0000000001210000

CodeCache: size=245760Kb used=52455Kb max_used=52455Kb free=193305Kb
 bounds [0x00000000033c0000, 0x0000000006740000, 0x00000000123c0000]
 total_blobs=17195 nmethods=16324 adapters=781
 compilation: enabled

Compilation events (10 events):
Event: 31.950 Thread 0x0000000017e18800 19768 % !   3       com.android.tools.r8.graph.DexProgramClass::computeStaticValues @ 65 (198 bytes)
Event: 31.951 Thread 0x0000000017e18800 nmethod 19768% 0x00000000066fe690 code [0x00000000066fe8c0, 0x00000000066ff738]
Event: 31.951 Thread 0x0000000017e18800 19769       2       com.android.tools.r8.graph.DexValue$DexValueLong::equals (35 bytes)
Event: 31.951 Thread 0x0000000017e18800 nmethod 19769 0x00000000067027d0 code [0x0000000006702920, 0x0000000006702b30]
Event: 31.951 Thread 0x0000000017e18800 19771   !   3       com.android.tools.r8.graph.DexProgramClass::computeStaticValues (198 bytes)
Event: 31.952 Thread 0x0000000017e18800 nmethod 19771 0x0000000006719810 code [0x0000000006719a80, 0x000000000671ac68]
Event: 31.952 Thread 0x0000000017e18800 19772       1       com.android.tools.r8.graph.DexValue$DexValueLong::hashCode (9 bytes)
Event: 31.952 Thread 0x0000000017e18800 nmethod 19772 0x00000000066ec350 code [0x00000000066ec4a0, 0x00000000066ec5b0]
Event: 31.971 Thread 0x0000000017e18800 19777       2       com.android.tools.r8.graph.DexValue$DexValueBoolean::equals (34 bytes)
Event: 31.971 Thread 0x0000000017e18800 nmethod 19777 0x00000000067193d0 code [0x0000000006719520, 0x0000000006719730]

GC Heap History (10 events):
Event: 28.444 GC heap after
Heap after GC invocations=36 (full 3):
 PSYoungGen      total 312832K, used 14703K [0x00000000eab00000, 0x00000000ffd80000, 0x0000000100000000)
  eden space 281088K, 0% used [0x00000000eab00000,0x00000000eab00000,0x00000000fbd80000)
  from space 31744K, 46% used [0x00000000fbd80000,0x00000000fcbdbfb8,0x00000000fdc80000)
  to   space 30208K, 0% used [0x00000000fe000000,0x00000000fe000000,0x00000000ffd80000)
 ParOldGen       total 216064K, used 84422K [0x00000000c0000000, 0x00000000cd300000, 0x00000000eab00000)
  object space 216064K, 39% used [0x00000000c0000000,0x00000000c5271b08,0x00000000cd300000)
 Metaspace       used 91894K, capacity 96520K, committed 96640K, reserved 1132544K
  class space    used 11806K, capacity 12653K, committed 12672K, reserved 1048576K
}
Event: 28.829 GC heap before
{Heap before GC invocations=37 (full 3):
 PSYoungGen      total 312832K, used 295791K [0x00000000eab00000, 0x00000000ffd80000, 0x0000000100000000)
  eden space 281088K, 100% used [0x00000000eab00000,0x00000000fbd80000,0x00000000fbd80000)
  from space 31744K, 46% used [0x00000000fbd80000,0x00000000fcbdbfb8,0x00000000fdc80000)
  to   space 30208K, 0% used [0x00000000fe000000,0x00000000fe000000,0x00000000ffd80000)
 ParOldGen       total 216064K, used 84422K [0x00000000c0000000, 0x00000000cd300000, 0x00000000eab00000)
  object space 216064K, 39% used [0x00000000c0000000,0x00000000c5271b08,0x00000000cd300000)
 Metaspace       used 91922K, capacity 96520K, committed 96640K, reserved 1132544K
  class space    used 11806K, capacity 12653K, committed 12672K, reserved 1048576K
Event: 28.844 GC heap after
Heap after GC invocations=37 (full 3):
 PSYoungGen      total 316928K, used 11812K [0x00000000eab00000, 0x00000000ffd80000, 0x0000000100000000)
  eden space 286720K, 0% used [0x00000000eab00000,0x00000000eab00000,0x00000000fc300000)
  from space 30208K, 39% used [0x00000000fe000000,0x00000000feb892f8,0x00000000ffd80000)
  to   space 29696K, 0% used [0x00000000fc300000,0x00000000fc300000,0x00000000fe000000)
 ParOldGen       total 216064K, used 84446K [0x00000000c0000000, 0x00000000cd300000, 0x00000000eab00000)
  object space 216064K, 39% used [0x00000000c0000000,0x00000000c5277b08,0x00000000cd300000)
 Metaspace       used 91922K, capacity 96520K, committed 96640K, reserved 1132544K
  class space    used 11806K, capacity 12653K, committed 12672K, reserved 1048576K
}
Event: 29.220 GC heap before
{Heap before GC invocations=38 (full 3):
 PSYoungGen      total 316928K, used 298532K [0x00000000eab00000, 0x00000000ffd80000, 0x0000000100000000)
  eden space 286720K, 100% used [0x00000000eab00000,0x00000000fc300000,0x00000000fc300000)
  from space 30208K, 39% used [0x00000000fe000000,0x00000000feb892f8,0x00000000ffd80000)
  to   space 29696K, 0% used [0x00000000fc300000,0x00000000fc300000,0x00000000fe000000)
 ParOldGen       total 216064K, used 84446K [0x00000000c0000000, 0x00000000cd300000, 0x00000000eab00000)
  object space 216064K, 39% used [0x00000000c0000000,0x00000000c5277b08,0x00000000cd300000)
 Metaspace       used 91950K, capacity 96584K, committed 96640K, reserved 1132544K
  class space    used 11806K, capacity 12653K, committed 12672K, reserved 1048576K
Event: 29.231 GC heap after
Heap after GC invocations=38 (full 3):
 PSYoungGen      total 316416K, used 10490K [0x00000000eab00000, 0x00000000ffd80000, 0x0000000100000000)
  eden space 286720K, 0% used [0x00000000eab00000,0x00000000eab00000,0x00000000fc300000)
  from space 29696K, 35% used [0x00000000fc300000,0x00000000fcd3eb60,0x00000000fe000000)
  to   space 28672K, 0% used [0x00000000fe180000,0x00000000fe180000,0x00000000ffd80000)
 ParOldGen       total 216064K, used 84454K [0x00000000c0000000, 0x00000000cd300000, 0x00000000eab00000)
  object space 216064K, 39% used [0x00000000c0000000,0x00000000c5279b08,0x00000000cd300000)
 Metaspace       used 91950K, capacity 96584K, committed 96640K, reserved 1132544K
  class space    used 11806K, capacity 12653K, committed 12672K, reserved 1048576K
}
Event: 30.702 GC heap before
{Heap before GC invocations=39 (full 3):
 PSYoungGen      total 316416K, used 297210K [0x00000000eab00000, 0x00000000ffd80000, 0x0000000100000000)
  eden space 286720K, 100% used [0x00000000eab00000,0x00000000fc300000,0x00000000fc300000)
  from space 29696K, 35% used [0x00000000fc300000,0x00000000fcd3eb60,0x00000000fe000000)
  to   space 28672K, 0% used [0x00000000fe180000,0x00000000fe180000,0x00000000ffd80000)
 ParOldGen       total 216064K, used 84454K [0x00000000c0000000, 0x00000000cd300000, 0x00000000eab00000)
  object space 216064K, 39% used [0x00000000c0000000,0x00000000c5279b08,0x00000000cd300000)
 Metaspace       used 92221K, capacity 96866K, committed 97024K, reserved 1134592K
  class space    used 11832K, capacity 12696K, committed 12800K, reserved 1048576K
Event: 30.748 GC heap after
Heap after GC invocations=39 (full 3):
 PSYoungGen      total 281600K, used 28645K [0x00000000eab00000, 0x0000000100000000, 0x0000000100000000)
  eden space 252928K, 0% used [0x00000000eab00000,0x00000000eab00000,0x00000000fa200000)
  from space 28672K, 99% used [0x00000000fe180000,0x00000000ffd79498,0x00000000ffd80000)
  to   space 48128K, 0% used [0x00000000fa200000,0x00000000fa200000,0x00000000fd100000)
 ParOldGen       total 216064K, used 126732K [0x00000000c0000000, 0x00000000cd300000, 0x00000000eab00000)
  object space 216064K, 58% used [0x00000000c0000000,0x00000000c7bc3130,0x00000000cd300000)
 Metaspace       used 92221K, capacity 96866K, committed 97024K, reserved 1134592K
  class space    used 11832K, capacity 12696K, committed 12800K, reserved 1048576K
}
Event: 31.997 GC heap before
{Heap before GC invocations=40 (full 3):
 PSYoungGen      total 281600K, used 281337K [0x00000000eab00000, 0x0000000100000000, 0x0000000100000000)
  eden space 252928K, 99% used [0x00000000eab00000,0x00000000fa1c5360,0x00000000fa200000)
  from space 28672K, 99% used [0x00000000fe180000,0x00000000ffd79498,0x00000000ffd80000)
  to   space 48128K, 0% used [0x00000000fa200000,0x00000000fa200000,0x00000000fd100000)
 ParOldGen       total 216064K, used 126732K [0x00000000c0000000, 0x00000000cd300000, 0x00000000eab00000)
  object space 216064K, 58% used [0x00000000c0000000,0x00000000c7bc3130,0x00000000cd300000)
 Metaspace       used 92619K, capacity 97328K, committed 97536K, reserved 1134592K
  class space    used 11865K, capacity 12747K, committed 12800K, reserved 1048576K
Event: 32.095 GC heap after
Heap after GC invocations=40 (full 3):
 PSYoungGen      total 301056K, used 48126K [0x00000000eab00000, 0x0000000100000000, 0x0000000100000000)
  eden space 252928K, 0% used [0x00000000eab00000,0x00000000eab00000,0x00000000fa200000)
  from space 48128K, 99% used [0x00000000fa200000,0x00000000fd0ff9c0,0x00000000fd100000)
  to   space 48128K, 0% used [0x00000000fd100000,0x00000000fd100000,0x0000000100000000)
 ParOldGen       total 216064K, used 197099K [0x00000000c0000000, 0x00000000cd300000, 0x00000000eab00000)
  object space 216064K, 91% used [0x00000000c0000000,0x00000000cc07afc8,0x00000000cd300000)
 Metaspace       used 92619K, capacity 97328K, committed 97536K, reserved 1134592K
  class space    used 11865K, capacity 12747K, committed 12800K, reserved 1048576K
}
Event: 32.095 GC heap before
{Heap before GC invocations=41 (full 4):
 PSYoungGen      total 301056K, used 48126K [0x00000000eab00000, 0x0000000100000000, 0x0000000100000000)
  eden space 252928K, 0% used [0x00000000eab00000,0x00000000eab00000,0x00000000fa200000)
  from space 48128K, 99% used [0x00000000fa200000,0x00000000fd0ff9c0,0x00000000fd100000)
  to   space 48128K, 0% used [0x00000000fd100000,0x00000000fd100000,0x0000000100000000)
 ParOldGen       total 216064K, used 197099K [0x00000000c0000000, 0x00000000cd300000, 0x00000000eab00000)
  object space 216064K, 91% used [0x00000000c0000000,0x00000000cc07afc8,0x00000000cd300000)
 Metaspace       used 92619K, capacity 97328K, committed 97536K, reserved 1134592K
  class space    used 11865K, capacity 12747K, committed 12800K, reserved 1048576K

Deoptimization events (10 events):
Event: 30.196 Thread 0x000000001c09a800 Uncommon trap: reason=bimorphic action=maybe_recompile pc=0x0000000004c8138c method=java.io.DataOutputStream.writeLong(J)V @ 108
Event: 30.237 Thread 0x000000001c7d9000 Uncommon trap: reason=unstable_if action=reinterpret pc=0x00000000058a7350 method=com.google.common.collect.MapMakerInternalMap$Segment.getEntry(Ljava/lang/Object;I)Lcom/google/common/collect/MapMakerInternalMap$InternalEntry; @ 63
Event: 30.458 Thread 0x000000001c7d7800 Uncommon trap: reason=unstable_if action=reinterpret pc=0x00000000038708d4 method=java.nio.Bits.getShort(Ljava/nio/ByteBuffer;IZ)S @ 1
Event: 30.782 Thread 0x000000001fe85800 Uncommon trap: reason=unstable_if action=reinterpret pc=0x0000000003f231f0 method=java.util.Arrays.hashCode([Ljava/lang/Object;)I @ 1
Event: 30.782 Thread 0x000000001fe84000 Uncommon trap: reason=unstable_if action=reinterpret pc=0x0000000003f231f0 method=java.util.Arrays.hashCode([Ljava/lang/Object;)I @ 1
Event: 30.782 Thread 0x000000001fe86000 Uncommon trap: reason=unstable_if action=reinterpret pc=0x0000000003f231f0 method=java.util.Arrays.hashCode([Ljava/lang/Object;)I @ 1
Event: 30.782 Thread 0x000000001fe84800 Uncommon trap: reason=unstable_if action=reinterpret pc=0x0000000003f231f0 method=java.util.Arrays.hashCode([Ljava/lang/Object;)I @ 1
Event: 30.782 Thread 0x000000001fe87000 Uncommon trap: reason=unstable_if action=reinterpret pc=0x0000000003f231f0 method=java.util.Arrays.hashCode([Ljava/lang/Object;)I @ 1
Event: 30.785 Thread 0x000000001fe84800 Uncommon trap: reason=unstable_if action=reinterpret pc=0x000000000664933c method=com.android.tools.r8.it.unimi.dsi.fastutil.ints.Int2ObjectOpenHashMap.get(I)Ljava/lang/Object; @ 8
Event: 31.429 Thread 0x0000000019db5800 Uncommon trap: reason=speculate_class_check action=maybe_recompile pc=0x00000000046acadc method=java.util.AbstractList.listIterator()Ljava/util/ListIterator; @ 2

Classes redefined (0 events):
No events

Internal exceptions (10 events):
Event: 29.540 Thread 0x000000001c7dd800 Exception <a 'sun/nio/fs/WindowsException'> (0x00000000ef925b88) thrown at [D:\src\AOSP-openjdk-cygwin\jdk8u\hotspot\src\share\vm\prims\jni.cpp, line 709]
Event: 29.545 Thread 0x000000001c7dd800 Exception <a 'sun/nio/fs/WindowsException'> (0x00000000ef939c20) thrown at [D:\src\AOSP-openjdk-cygwin\jdk8u\hotspot\src\share\vm\prims\jni.cpp, line 709]
Event: 30.195 Thread 0x000000001c7d7800 Implicit null exception at 0x0000000004f6fc88 to 0x0000000004f71bc1
Event: 30.255 Thread 0x000000001c7d7800 Exception <a 'sun/nio/fs/WindowsException'> (0x00000000f17555a0) thrown at [D:\src\AOSP-openjdk-cygwin\jdk8u\hotspot\src\share\vm\prims\jni.cpp, line 709]
Event: 30.450 Thread 0x000000001c7d7800 Exception <a 'sun/nio/fs/WindowsException'> (0x00000000f517ef08) thrown at [D:\src\AOSP-openjdk-cygwin\jdk8u\hotspot\src\share\vm\prims\jni.cpp, line 709]
Event: 30.782 Thread 0x000000001fe85800 Implicit null exception at 0x0000000003f230ef to 0x0000000003f231e1
Event: 30.782 Thread 0x000000001fe84000 Implicit null exception at 0x0000000003f230ef to 0x0000000003f231e1
Event: 30.782 Thread 0x000000001fe86000 Implicit null exception at 0x0000000003f230ef to 0x0000000003f231e1
Event: 30.782 Thread 0x000000001fe84800 Implicit null exception at 0x0000000003f230ef to 0x0000000003f231e1
Event: 30.782 Thread 0x000000001fe87000 Implicit null exception at 0x0000000003f230ef to 0x0000000003f231e1

Events (10 events):
Event: 31.831 Thread 0x000000001fe83000 DEOPT UNPACKING pc=0x00000000034075d0 sp=0x000000002a55e4f0 mode 0
Event: 31.832 Thread 0x000000001fe83000 DEOPT PACKING pc=0x00000000060ff8c9 sp=0x000000002a55e970
Event: 31.832 Thread 0x000000001fe83000 DEOPT UNPACKING pc=0x00000000034075d0 sp=0x000000002a55e768 mode 0
Event: 31.833 Thread 0x000000001fe83000 DEOPT PACKING pc=0x00000000060cc266 sp=0x000000002a55e780
Event: 31.833 Thread 0x000000001fe83000 DEOPT UNPACKING pc=0x00000000034075d0 sp=0x000000002a55e4c0 mode 0
Event: 31.865 Thread 0x000000001fe83000 DEOPT PACKING pc=0x0000000006100f04 sp=0x000000002a55e7c0
Event: 31.865 Thread 0x000000001fe83000 DEOPT UNPACKING pc=0x00000000034075d0 sp=0x000000002a55e4f0 mode 0
Event: 31.866 Thread 0x000000001fe83000 DEOPT PACKING pc=0x00000000060ff8c9 sp=0x000000002a55e970
Event: 31.866 Thread 0x000000001fe83000 DEOPT UNPACKING pc=0x00000000034075d0 sp=0x000000002a55e768 mode 0
Event: 31.996 Executing VM operation: ParallelGCFailedAllocation


Dynamic libraries:
0x00007ff781e80000 - 0x00007ff781eb1000 	D:\Android studio\jre\bin\java.exe
0x00007fff4d600000 - 0x00007fff4d7e1000 	C:\WINDOWS\SYSTEM32\ntdll.dll
0x00007fff4d1a0000 - 0x00007fff4d251000 	C:\WINDOWS\System32\KERNEL32.DLL
0x00007fff4a230000 - 0x00007fff4a4a3000 	C:\WINDOWS\System32\KERNELBASE.dll
0x00007fff4b380000 - 0x00007fff4b421000 	C:\WINDOWS\System32\ADVAPI32.dll
0x00007fff4c970000 - 0x00007fff4ca0e000 	C:\WINDOWS\System32\msvcrt.dll
0x00007fff4c910000 - 0x00007fff4c96b000 	C:\WINDOWS\System32\sechost.dll
0x00007fff4cba0000 - 0x00007fff4ccc4000 	C:\WINDOWS\System32\RPCRT4.dll
0x00007fff4ad90000 - 0x00007fff4af20000 	C:\WINDOWS\System32\USER32.dll
0x00007fff49a00000 - 0x00007fff49a20000 	C:\WINDOWS\System32\win32u.dll
0x00007fff4c870000 - 0x00007fff4c898000 	C:\WINDOWS\System32\GDI32.dll
0x00007fff4a7c0000 - 0x00007fff4a952000 	C:\WINDOWS\System32\gdi32full.dll
0x00007fff4a720000 - 0x00007fff4a7bf000 	C:\WINDOWS\System32\msvcp_win.dll
0x00007fff4a960000 - 0x00007fff4aa58000 	C:\WINDOWS\System32\ucrtbase.dll
0x00007fff34310000 - 0x00007fff34579000 	C:\WINDOWS\WinSxS\amd64_microsoft.windows.common-controls_6595b64144ccf1df_6.0.17134.706_none_fb43a2cb30647007\COMCTL32.dll
0x00007fff4aa60000 - 0x00007fff4ad82000 	C:\WINDOWS\System32\combase.dll
0x00007fff4a4b0000 - 0x00007fff4a52a000 	C:\WINDOWS\System32\bcryptPrimitives.dll
0x00007fff4d3d0000 - 0x00007fff4d3fd000 	C:\WINDOWS\System32\IMM32.DLL
0x0000000051310000 - 0x00000000513e2000 	D:\Android studio\jre\jre\bin\msvcr100.dll
0x0000000050ac0000 - 0x0000000051301000 	D:\Android studio\jre\jre\bin\server\jvm.dll
0x00007fff4b030000 - 0x00007fff4b038000 	C:\WINDOWS\System32\PSAPI.DLL
0x00007fff36be0000 - 0x00007fff36be9000 	C:\WINDOWS\SYSTEM32\WSOCK32.dll
0x00007fff44340000 - 0x00007fff44363000 	C:\WINDOWS\SYSTEM32\WINMM.dll
0x00007fff447b0000 - 0x00007fff447ba000 	C:\WINDOWS\SYSTEM32\VERSION.dll
0x00007fff4c8a0000 - 0x00007fff4c90c000 	C:\WINDOWS\System32\WS2_32.dll
0x00007fff44310000 - 0x00007fff4433a000 	C:\WINDOWS\SYSTEM32\WINMMBASE.dll
0x00007fff49a20000 - 0x00007fff49a69000 	C:\WINDOWS\System32\cfgmgr32.dll
0x00007fff46750000 - 0x00007fff4675f000 	D:\Android studio\jre\jre\bin\verify.dll
0x00007fff3ad30000 - 0x00007fff3ad59000 	D:\Android studio\jre\jre\bin\java.dll
0x00007fff44e40000 - 0x00007fff44e56000 	D:\Android studio\jre\jre\bin\zip.dll
0x00007fff4b430000 - 0x00007fff4c870000 	C:\WINDOWS\System32\SHELL32.dll
0x00007fff4af20000 - 0x00007fff4afc9000 	C:\WINDOWS\System32\shcore.dll
0x00007fff49a70000 - 0x00007fff4a17d000 	C:\WINDOWS\System32\windows.storage.dll
0x00007fff4afd0000 - 0x00007fff4b021000 	C:\WINDOWS\System32\shlwapi.dll
0x00007fff49960000 - 0x00007fff49971000 	C:\WINDOWS\System32\kernel.appcore.dll
0x00007fff49980000 - 0x00007fff4999f000 	C:\WINDOWS\System32\profapi.dll
0x00007fff49900000 - 0x00007fff4994c000 	C:\WINDOWS\System32\powrprof.dll
0x00007fff49950000 - 0x00007fff4995a000 	C:\WINDOWS\System32\FLTLIB.DLL
0x00007fff44790000 - 0x00007fff447aa000 	D:\Android studio\jre\jre\bin\net.dll
0x00007fff49160000 - 0x00007fff491c6000 	C:\WINDOWS\system32\mswsock.dll
0x00007fff44640000 - 0x00007fff44651000 	D:\Android studio\jre\jre\bin\nio.dll
0x00007fff411b0000 - 0x00007fff411ce000 	C:\Users\federico\.gradle\native\25\windows-amd64\native-platform.dll
0x00007fff44380000 - 0x00007fff4438d000 	D:\Android studio\jre\jre\bin\management.dll
0x00007fff49310000 - 0x00007fff49327000 	C:\WINDOWS\SYSTEM32\CRYPTSP.dll
0x00007fff48d40000 - 0x00007fff48d73000 	C:\WINDOWS\system32\rsaenh.dll
0x00007fff49440000 - 0x00007fff49465000 	C:\WINDOWS\SYSTEM32\bcrypt.dll
0x00007fff497e0000 - 0x00007fff49808000 	C:\WINDOWS\SYSTEM32\USERENV.dll
0x00007fff49330000 - 0x00007fff4933b000 	C:\WINDOWS\SYSTEM32\CRYPTBASE.dll
0x00007fff48ee0000 - 0x00007fff48f18000 	C:\WINDOWS\SYSTEM32\IPHLPAPI.DLL
0x00007fff4ca10000 - 0x00007fff4ca18000 	C:\WINDOWS\System32\NSI.dll
0x00007fff436b0000 - 0x00007fff436c6000 	C:\WINDOWS\SYSTEM32\dhcpcsvc6.DLL
0x00007fff439e0000 - 0x00007fff439fa000 	C:\WINDOWS\SYSTEM32\dhcpcsvc.DLL
0x00007fff3a5c0000 - 0x00007fff3a5e4000 	D:\Android studio\jre\jre\bin\sunec.dll
0x00007fff48ae0000 - 0x00007fff48b11000 	C:\WINDOWS\SYSTEM32\ntmarta.dll
0x00007fff366f0000 - 0x00007fff368b9000 	C:\WINDOWS\SYSTEM32\dbghelp.dll

VM Arguments:
jvm_args: -Xmx1024m -Dfile.encoding=windows-1252 -Duser.country=US -Duser.language=en -Duser.variant 
java_command: org.gradle.launcher.daemon.bootstrap.GradleDaemon 5.1.1
java_class_path (initial): C:\Users\federico\.gradle\wrapper\dists\gradle-5.1.1-all\97z1ksx6lirer3kbvdnh7jtjg\gradle-5.1.1\lib\gradle-launcher-5.1.1.jar
Launcher Type: SUN_STANDARD

Environment Variables:
PATH=C:\Program Files (x86)\Common Files\Oracle\Java\javapath;C:\Windows\system32;C:\Windows;C:\Windows\System32\Wbem;C:\Windows\System32\WindowsPowerShell\v1.0\;C:\Program Files (x86)\NVIDIA Corporation\PhysX\Common;C:\WINDOWS\system32;C:\WINDOWS;C:\WINDOWS\System32\Wbem;C:\WINDOWS\System32\WindowsPowerShell\v1.0\;C:\Program Files (x86)\GtkSharp\2.12\bin;E:\PostGressSql\bin;E:\PostGressSql\pgAdmin 4\bin;C:\WINDOWS\System32\OpenSSH\;E:\nodejs\;C:\Program Files\NVIDIA Corporation\NVIDIA NvDLISR;D:\Git\cmd;D:\CodeLite\tdmRobe\bin;C:\Users\federico\AppData\Local\Microsoft\WindowsApps;C:\Users\federico\AppData\Roaming\npm;D:\Microsoft VS Code\bin;C:\Users\federico\AppData\Local\GitHubDesktop\bin
USERNAME=federico
OS=Windows_NT
PROCESSOR_IDENTIFIER=Intel64 Family 6 Model 60 Stepping 3, GenuineIntel



---------------  S Y S T E M  ---------------

OS: Windows 10.0 , 64 bit Build 17134 (10.0.17134.706)

CPU:total 8 (initial active 8) (4 cores per cpu, 2 threads per core) family 6 model 60 stepping 3, cmov, cx8, fxsr, mmx, sse, sse2, sse3, ssse3, sse4.1, sse4.2, popcnt, avx, avx2, clmul, erms, lzcnt, ht, tsc, tscinvbit, bmi1, bmi2

Memory: 4k page, physical 12522768k(2910668k free), swap 16315736k(2364744k free)

vm_info: OpenJDK 64-Bit Server VM (25.152-b01) for windows-amd64 JRE (1.8.0_152-release-1343-b01), built by "builder" with MS VC++ 10.0 (VS2010)

time: Sat Apr 27 01:53:48 2019
elapsed time: 32 seconds (0d 0h 0m 32s)

