#
# A fatal error has been detected by the Java Runtime Environment:
#
#  EXCEPTION_ACCESS_VIOLATION (0xc0000005) at pc=0x0000000050b4a940, pid=14192, tid=0x0000000000002204
#
# JRE version: OpenJDK Runtime Environment (8.0_152-b01) (build 1.8.0_152-release-1343-b01)
# Java VM: OpenJDK 64-Bit Server VM (25.152-b01 mixed mode windows-amd64 compressed oops)
# Problematic frame:
# V  [jvm.dll+0x8a940]
#
# Failed to write core dump. Minidumps are not enabled by default on client versions of Windows
#
# If you would like to submit a bug report, please visit:
#   http://bugreport.java.com/bugreport/crash.jsp
#

---------------  T H R E A D  ---------------

Current thread (0x000000000316a000):  GCTaskThread [stack: 0x0000000012b80000,0x0000000012c80000] [id=8708]

siginfo: ExceptionCode=0xc0000005, reading address 0x0000000000000018

Registers:
RAX=0x0000000000000000, RBX=0x00000000ff4ad110, RCX=0x00000000ff4ad110, RDX=0x0000000000000010
RSP=0x0000000012c7f3c8, RBP=0x000000001264fd01, RSI=0x0000000015d84ac0, RDI=0x00000000c7f93e10
R8 =0x0000000015d84ac0, R9 =0x0000000000000033, R10=0x0000000000000008, R11=0x00000000f7bd1938
R12=0x000000001264fc8a, R13=0x0000000220002dec, R14=0x0000000000000000, R15=0x00000000031624e0
RIP=0x0000000050b4a940, EFLAGS=0x0000000000010202

Top of Stack: (sp=0x0000000012c7f3c8)
0x0000000012c7f3c8:   0000000050e8ca32 00000000ff71c8c8
0x0000000012c7f3d8:   0000000000000003 0000000015d84ac0
0x0000000012c7f3e8:   00000000fb357e88 00000000f7bc9948
0x0000000012c7f3f8:   0000000000001000 00000000ca78c0a0
0x0000000012c7f408:   0000000000000400 0000000000000000
0x0000000012c7f418:   0000000015d84a00 000000001264fc8a
0x0000000012c7f428:   0000000050e8cda0 00000000f7bcf570
0x0000000012c7f438:   000000001264fd01 0000000015d84ac0
0x0000000012c7f448:   00000000c7f93e10 00000000f7bcf570
0x0000000012c7f458:   0000000050e8d945 00000000ff8e3330
0x0000000012c7f468:   000000001264fd01 0000000015d84ac0
0x0000000012c7f478:   0000000000000003 0000000015d84ac0
0x0000000012c7f488:   0000000050b86e7a 00000000c259622c
0x0000000012c7f498:   0000000050baf747 0000000015d84ac0
0x0000000012c7f4a8:   0000000050bad903 00000000c7f93cd1
0x0000000012c7f4b8:   00000000c7f93cd1 00000000c7f93c88 

Instructions: (pc=0x0000000050b4a940)
0x0000000050b4a920:   ac 50 1d 00 48 8b 9c 24 c0 00 00 00 48 81 c4 b0
0x0000000050b4a930:   00 00 00 5d c3 cc cc cc cc cc cc cc cc cc cc cc
0x0000000050b4a940:   44 8b 42 08 4c 8b ca 45 85 c0 7e 0e 41 f6 c0 01
0x0000000050b4a950:   75 57 41 c1 f8 03 41 8b c0 c3 79 4d 80 3d 9e 10 


Register to memory mapping:

RAX=0x0000000000000000 is an unknown value
RBX=0x00000000ff4ad110 is an oop

[error occurred during error reporting (printing register info), id 0xc0000005]

Stack: [0x0000000012b80000,0x0000000012c80000],  sp=0x0000000012c7f3c8,  free space=1020k
Native frames: (J=compiled Java code, j=interpreted, Vv=VM code, C=native code)
V  [jvm.dll+0x8a940]


---------------  P R O C E S S  ---------------

Java Threads: ( => current thread )
  0x00000000275bd800 JavaThread "ForkJoinPool.commonPool-worker-4" daemon [_thread_blocked, id=2180, stack(0x0000000041660000,0x0000000041760000)]
  0x00000000275bf800 JavaThread "ForkJoinPool.commonPool-worker-2" daemon [_thread_blocked, id=1400, stack(0x0000000041460000,0x0000000041560000)]
  0x000000001e47c000 JavaThread "ForkJoinPool.commonPool-worker-1" daemon [_thread_blocked, id=14376, stack(0x0000000041360000,0x0000000041460000)]
  0x000000001e47d000 JavaThread "ForkJoinPool.commonPool-worker-0" daemon [_thread_blocked, id=17876, stack(0x0000000041260000,0x0000000041360000)]
  0x000000001e47e800 JavaThread "ForkJoinPool.commonPool-worker-7" daemon [_thread_blocked, id=13352, stack(0x0000000041160000,0x0000000041260000)]
  0x000000001e481800 JavaThread "ForkJoinPool.commonPool-worker-6" daemon [_thread_blocked, id=18256, stack(0x0000000041060000,0x0000000041160000)]
  0x000000001e480000 JavaThread "Cache worker for Java compile cache (C:\Users\federico\AndroidStudioProjects\absolutelynothing\.gradle\5.1.1\javaCompile)" [_thread_blocked, id=10400, stack(0x0000000040f60000,0x0000000041060000)]
  0x000000001e483000 JavaThread "stdout" [_thread_in_native, id=6896, stack(0x0000000040e60000,0x0000000040f60000)]
  0x000000001e474000 JavaThread "stderr" [_thread_in_native, id=14756, stack(0x0000000040d60000,0x0000000040e60000)]
  0x000000001e47a800 JavaThread "pool-272-thread-1" [_thread_blocked, id=6536, stack(0x0000000040c60000,0x0000000040d60000)]
  0x000000001e477000 JavaThread "Cache worker for execution history cache (C:\Users\federico\AndroidStudioProjects\absolutelynothing\.gradle\5.1.1\executionHistory)" [_thread_blocked, id=7896, stack(0x0000000040b60000,0x0000000040c60000)]
  0x00000000287d1000 JavaThread "Execution worker for ':' Thread 7" [_thread_blocked, id=17440, stack(0x0000000040a60000,0x0000000040b60000)]
  0x00000000287cf000 JavaThread "Execution worker for ':' Thread 6" [_thread_blocked, id=756, stack(0x0000000040960000,0x0000000040a60000)]
  0x00000000287d3800 JavaThread "Execution worker for ':' Thread 5" [_thread_blocked, id=13420, stack(0x0000000040860000,0x0000000040960000)]
  0x00000000287cf800 JavaThread "Execution worker for ':' Thread 4" [_thread_blocked, id=13148, stack(0x0000000040760000,0x0000000040860000)]
  0x00000000287d2800 JavaThread "Execution worker for ':' Thread 3" [_thread_blocked, id=5136, stack(0x0000000040660000,0x0000000040760000)]
  0x00000000287c7800 JavaThread "Execution worker for ':' Thread 2" [_thread_blocked, id=19140, stack(0x0000000040560000,0x0000000040660000)]
  0x00000000287c8000 JavaThread "Execution worker for ':'" [_thread_blocked, id=11172, stack(0x0000000040460000,0x0000000040560000)]
  0x00000000287cc000 JavaThread "Cache worker for file content cache (C:\Users\federico\AndroidStudioProjects\absolutelynothing\.gradle\5.1.1\fileContent)" [_thread_blocked, id=6944, stack(0x0000000040360000,0x0000000040460000)]
  0x00000000287c5000 JavaThread "Cache worker for Build Output Cleanup Cache (C:\Users\federico\AndroidStudioProjects\absolutelynothing\.gradle\buildOutputCleanup)" [_thread_blocked, id=17616, stack(0x0000000040260000,0x0000000040360000)]
  0x00000000287c4000 JavaThread "pool-271-thread-1" [_thread_blocked, id=18816, stack(0x0000000040160000,0x0000000040260000)]
  0x00000000287c5800 JavaThread "Build operations Thread 8" [_thread_blocked, id=5852, stack(0x0000000040060000,0x0000000040160000)]
  0x00000000287cb000 JavaThread "Build operations Thread 7" [_thread_blocked, id=15924, stack(0x000000003ff60000,0x0000000040060000)]
  0x00000000287c9800 JavaThread "Build operations Thread 6" [_thread_blocked, id=18664, stack(0x000000003fe60000,0x000000003ff60000)]
  0x00000000287c6800 JavaThread "Build operations Thread 5" [_thread_blocked, id=18240, stack(0x000000003fd60000,0x000000003fe60000)]
  0x00000000287ca800 JavaThread "Build operations Thread 4" [_thread_blocked, id=7520, stack(0x000000003fc60000,0x000000003fd60000)]
  0x00000000287c9000 JavaThread "Build operations Thread 3" [_thread_blocked, id=3216, stack(0x000000003fb60000,0x000000003fc60000)]
  0x0000000027ff8000 JavaThread "Build operations Thread 2" [_thread_blocked, id=7320, stack(0x000000003fa60000,0x000000003fb60000)]
  0x0000000027ff7000 JavaThread "Build operations" [_thread_blocked, id=6200, stack(0x000000003f960000,0x000000003fa60000)]
  0x0000000027ff6800 JavaThread "Cache worker for cache directory md-rule (C:\Users\federico\.gradle\caches\5.1.1\md-rule)" [_thread_blocked, id=18704, stack(0x000000003f860000,0x000000003f960000)]
  0x0000000027fed800 JavaThread "Cache worker for cache directory md-supplier (C:\Users\federico\.gradle\caches\5.1.1\md-supplier)" [_thread_blocked, id=6508, stack(0x000000003f760000,0x000000003f860000)]
  0x0000000027ff4000 JavaThread "Cache worker for file hash cache (C:\Users\federico\AndroidStudioProjects\absolutelynothing\.gradle\5.1.1\fileHashes)" [_thread_blocked, id=16064, stack(0x000000003f660000,0x000000003f760000)]
  0x0000000027fee000 JavaThread "Thread-3074" [_thread_blocked, id=19136, stack(0x000000003f560000,0x000000003f660000)]
  0x0000000027ff3800 JavaThread "Stdin handler" [_thread_blocked, id=15492, stack(0x000000003f460000,0x000000003f560000)]
  0x0000000027ff2800 JavaThread "Asynchronous log dispatcher for DefaultDaemonConnection: socket connection from /127.0.0.1:51120 to /127.0.0.1:62371" [_thread_blocked, id=12420, stack(0x000000003f360000,0x000000003f460000)]
  0x0000000027fea800 JavaThread "Cancel handler" [_thread_blocked, id=17932, stack(0x000000003f260000,0x000000003f360000)]
  0x0000000027fec000 JavaThread "Handler for socket connection from /127.0.0.1:51120 to /127.0.0.1:62371" [_thread_in_native, id=15352, stack(0x000000003f160000,0x000000003f260000)]
  0x00000000275b9800 JavaThread "Daemon worker Thread 67" [_thread_blocked, id=1584, stack(0x0000000036b60000,0x0000000036c60000)]
  0x00000000275be000 JavaThread "Daemon Thread 67" [_thread_blocked, id=12820, stack(0x0000000036860000,0x0000000036960000)]
  0x000000001bd24000 JavaThread "Cache worker for Java compile cache (C:\Users\federico\.gradle\caches\5.1.1\javaCompile)" [_thread_blocked, id=14056, stack(0x0000000035860000,0x0000000035960000)]
  0x000000001bd1a000 JavaThread "Cache worker for file content cache (C:\Users\federico\.gradle\caches\5.1.1\fileContent)" [_thread_blocked, id=12728, stack(0x0000000023f80000,0x0000000024080000)]
  0x000000001c820000 JavaThread "Memory manager" [_thread_blocked, id=9396, stack(0x0000000023c80000,0x0000000023d80000)]
  0x000000001c81b800 JavaThread "Cache worker for execution history cache (C:\Users\federico\.gradle\caches\5.1.1\executionHistory)" [_thread_blocked, id=14924, stack(0x0000000020670000,0x0000000020770000)]
  0x0000000017c94800 JavaThread "Cache worker for journal cache (C:\Users\federico\.gradle\caches\journal-1)" [_thread_blocked, id=10864, stack(0x000000001b6a0000,0x000000001b7a0000)]
  0x0000000017c97800 JavaThread "File lock request listener" [_thread_in_native, id=8648, stack(0x000000001b5a0000,0x000000001b6a0000)]
  0x0000000019278800 JavaThread "Cache worker for file hash cache (C:\Users\federico\.gradle\caches\5.1.1\fileHashes)" [_thread_blocked, id=13240, stack(0x000000001b4a0000,0x000000001b5a0000)]
  0x0000000019cf9800 JavaThread "Daemon periodic checks" [_thread_blocked, id=12280, stack(0x000000001a9a0000,0x000000001aaa0000)]
  0x0000000019cd8800 JavaThread "Incoming local TCP Connector on port 51120" [_thread_in_native, id=4596, stack(0x000000001a760000,0x000000001a860000)]
  0x0000000017d27000 JavaThread "Service Thread" daemon [_thread_blocked, id=15668, stack(0x0000000018850000,0x0000000018950000)]
  0x0000000017c97000 JavaThread "C1 CompilerThread3" daemon [_thread_blocked, id=16540, stack(0x0000000018750000,0x0000000018850000)]
  0x0000000017c98800 JavaThread "C2 CompilerThread2" daemon [_thread_blocked, id=15044, stack(0x0000000018650000,0x0000000018750000)]
  0x0000000017c95800 JavaThread "C2 CompilerThread1" daemon [_thread_blocked, id=2464, stack(0x0000000018550000,0x0000000018650000)]
  0x0000000017c90800 JavaThread "C2 CompilerThread0" daemon [_thread_blocked, id=11892, stack(0x0000000018450000,0x0000000018550000)]
  0x0000000017c8c800 JavaThread "Attach Listener" daemon [_thread_blocked, id=3440, stack(0x0000000018350000,0x0000000018450000)]
  0x0000000017c89000 JavaThread "Signal Dispatcher" daemon [_thread_blocked, id=10648, stack(0x0000000018250000,0x0000000018350000)]
  0x0000000017c80800 JavaThread "Finalizer" daemon [_thread_blocked, id=11828, stack(0x0000000018060000,0x0000000018160000)]
  0x0000000003244800 JavaThread "Reference Handler" daemon [_thread_blocked, id=16544, stack(0x0000000017b60000,0x0000000017c60000)]
  0x0000000002fed800 JavaThread "main" [_thread_blocked, id=8052, stack(0x0000000003030000,0x0000000003130000)]

Other Threads:
  0x0000000015d89000 VMThread [stack: 0x0000000017a60000,0x0000000017b60000] [id=2188]
  0x0000000017d27800 WatcherThread [stack: 0x0000000018950000,0x0000000018a50000] [id=16756]

=>0x000000000316a000 (exited) GCTaskThread [stack: 0x0000000012b80000,0x0000000012c80000] [id=8708]

VM state:at safepoint (normal execution)

VM Mutex/Monitor currently owned by a thread:  ([mutex/lock_event])
[0x0000000002fecb50] Threads_lock - owner thread: 0x0000000015d89000
[0x0000000002fed350] Heap_lock - owner thread: 0x00000000287c8000

Heap:
 PSYoungGen      total 259584K, used 259574K [0x00000000eab00000, 0x0000000100000000, 0x0000000100000000)
  eden space 201728K, 100% used [0x00000000eab00000,0x00000000f7000000,0x00000000f7000000)
  from space 57856K, 99% used [0x00000000fc780000,0x00000000ffffdbd0,0x0000000100000000)
  to   space 73728K, 44% used [0x00000000f7000000,0x00000000f901a270,0x00000000fb800000)
 ParOldGen       total 419328K, used 174900K [0x00000000c0000000, 0x00000000d9980000, 0x00000000eab00000)
  object space 419328K, 41% used [0x00000000c0000000,0x00000000caacd248,0x00000000d9980000)
 Metaspace       used 163937K, capacity 173358K, committed 177432K, reserved 1204224K
  class space    used 19655K, capacity 21351K, committed 22056K, reserved 1048576K

Card table byte_map: [0x0000000012610000,0x0000000012820000] byte_map_base: 0x0000000012010000

Marking Bits: (ParMarkBitMap*) 0x0000000051285aa0
 Begin Bits: [0x0000000013180000, 0x0000000014180000)
 End Bits:   [0x0000000014180000, 0x0000000015180000)

Polling page: 0x0000000002fb0000

CodeCache: size=245760Kb used=132900Kb max_used=132950Kb free=112859Kb
 bounds [0x0000000003250000, 0x000000000b520000, 0x0000000012250000]
 total_blobs=37664 nmethods=36696 adapters=877
 compilation: enabled

Compilation events (10 events):
Event: 50477.199 Thread 0x0000000017c90800 51447       4       com.android.tools.r8.graph.DexAnnotationDirectory::equals (57 bytes)
Event: 50477.241 Thread 0x0000000017c90800 nmethod 51447 0x000000000b4e2c90 code [0x000000000b4e2fe0, 0x000000000b4e5640]
Event: 50477.241 Thread 0x0000000017c90800 51420       4       com.android.tools.r8.code.ReturnVoid::write (7 bytes)
Event: 50477.244 Thread 0x0000000017c90800 nmethod 51420 0x000000000b4c0650 code [0x000000000b4c07a0, 0x000000000b4c0918]
Event: 50477.244 Thread 0x0000000017c90800 51418       4       com.android.tools.r8.code.ReturnObject::write (7 bytes)
Event: 50477.246 Thread 0x0000000017c95800 nmethod 51388 0x000000000b4e8810 code [0x000000000b4e8fc0, 0x000000000b4f1d80]
Event: 50477.247 Thread 0x0000000017c90800 nmethod 51418 0x000000000b4b4850 code [0x000000000b4b49a0, 0x000000000b4b4b58]
Event: 50477.247 Thread 0x0000000017c90800 51425       4       com.android.tools.r8.code.CheckCast::write (7 bytes)
Event: 50477.249 Thread 0x0000000017c98800 nmethod 51389 0x000000000b503150 code [0x000000000b5037a0, 0x000000000b50ddd8]
Event: 50477.250 Thread 0x0000000017c90800 nmethod 51425 0x000000000b4b2710 code [0x000000000b4b2880, 0x000000000b4b2bf8]

GC Heap History (10 events):
Event: 50472.960 GC heap after
Heap after GC invocations=151 (full 5):
 PSYoungGen      total 291840K, used 38451K [0x00000000eab00000, 0x0000000100000000, 0x0000000100000000)
  eden space 237568K, 0% used [0x00000000eab00000,0x00000000eab00000,0x00000000f9300000)
  from space 54272K, 70% used [0x00000000fcb00000,0x00000000ff08cc10,0x0000000100000000)
  to   space 55808K, 0% used [0x00000000f9300000,0x00000000f9300000,0x00000000fc980000)
 ParOldGen       total 419328K, used 127130K [0x00000000c0000000, 0x00000000d9980000, 0x00000000eab00000)
  object space 419328K, 30% used [0x00000000c0000000,0x00000000c7c268c0,0x00000000d9980000)
 Metaspace       used 163847K, capacity 173266K, committed 177176K, reserved 1204224K
  class space    used 19653K, capacity 21349K, committed 22056K, reserved 1048576K
}
Event: 50474.015 GC heap before
{Heap before GC invocations=152 (full 5):
 PSYoungGen      total 291840K, used 276019K [0x00000000eab00000, 0x0000000100000000, 0x0000000100000000)
  eden space 237568K, 100% used [0x00000000eab00000,0x00000000f9300000,0x00000000f9300000)
  from space 54272K, 70% used [0x00000000fcb00000,0x00000000ff08cc10,0x0000000100000000)
  to   space 55808K, 0% used [0x00000000f9300000,0x00000000f9300000,0x00000000fc980000)
 ParOldGen       total 419328K, used 127131K [0x00000000c0000000, 0x00000000d9980000, 0x00000000eab00000)
  object space 419328K, 30% used [0x00000000c0000000,0x00000000c7c26fd0,0x00000000d9980000)
 Metaspace       used 163871K, capacity 173294K, committed 177176K, reserved 1204224K
  class space    used 19654K, capacity 21351K, committed 22056K, reserved 1048576K
Event: 50474.059 GC heap after
Heap after GC invocations=152 (full 5):
 PSYoungGen      total 276992K, used 39139K [0x00000000eab00000, 0x0000000100000000, 0x0000000100000000)
  eden space 237568K, 0% used [0x00000000eab00000,0x00000000eab00000,0x00000000f9300000)
  from space 39424K, 99% used [0x00000000f9300000,0x00000000fb938d20,0x00000000fb980000)
  to   space 57344K, 0% used [0x00000000fc800000,0x00000000fc800000,0x0000000100000000)
 ParOldGen       total 419328K, used 127139K [0x00000000c0000000, 0x00000000d9980000, 0x00000000eab00000)
  object space 419328K, 30% used [0x00000000c0000000,0x00000000c7c28fd0,0x00000000d9980000)
 Metaspace       used 163871K, capacity 173294K, committed 177176K, reserved 1204224K
  class space    used 19654K, capacity 21351K, committed 22056K, reserved 1048576K
}
Event: 50474.292 GC heap before
{Heap before GC invocations=153 (full 5):
 PSYoungGen      total 276992K, used 276707K [0x00000000eab00000, 0x0000000100000000, 0x0000000100000000)
  eden space 237568K, 100% used [0x00000000eab00000,0x00000000f9300000,0x00000000f9300000)
  from space 39424K, 99% used [0x00000000f9300000,0x00000000fb938d20,0x00000000fb980000)
  to   space 57344K, 0% used [0x00000000fc800000,0x00000000fc800000,0x0000000100000000)
 ParOldGen       total 419328K, used 127141K [0x00000000c0000000, 0x00000000d9980000, 0x00000000eab00000)
  object space 419328K, 30% used [0x00000000c0000000,0x00000000c7c297c8,0x00000000d9980000)
 Metaspace       used 163910K, capacity 173358K, committed 177432K, reserved 1204224K
  class space    used 19655K, capacity 21351K, committed 22056K, reserved 1048576K
Event: 50474.328 GC heap after
Heap after GC invocations=153 (full 5):
 PSYoungGen      total 291840K, used 37503K [0x00000000eab00000, 0x0000000100000000, 0x0000000100000000)
  eden space 234496K, 0% used [0x00000000eab00000,0x00000000eab00000,0x00000000f9000000)
  from space 57344K, 65% used [0x00000000fc800000,0x00000000fec9ff68,0x0000000100000000)
  to   space 57344K, 0% used [0x00000000f9000000,0x00000000f9000000,0x00000000fc800000)
 ParOldGen       total 419328K, used 127205K [0x00000000c0000000, 0x00000000d9980000, 0x00000000eab00000)
  object space 419328K, 30% used [0x00000000c0000000,0x00000000c7c397c8,0x00000000d9980000)
 Metaspace       used 163910K, capacity 173358K, committed 177432K, reserved 1204224K
  class space    used 19655K, capacity 21351K, committed 22056K, reserved 1048576K
}
Event: 50474.706 GC heap before
{Heap before GC invocations=154 (full 5):
 PSYoungGen      total 291840K, used 271999K [0x00000000eab00000, 0x0000000100000000, 0x0000000100000000)
  eden space 234496K, 100% used [0x00000000eab00000,0x00000000f9000000,0x00000000f9000000)
  from space 57344K, 65% used [0x00000000fc800000,0x00000000fec9ff68,0x0000000100000000)
  to   space 57344K, 0% used [0x00000000f9000000,0x00000000f9000000,0x00000000fc800000)
 ParOldGen       total 419328K, used 127208K [0x00000000c0000000, 0x00000000d9980000, 0x00000000eab00000)
  object space 419328K, 30% used [0x00000000c0000000,0x00000000c7c3a1e8,0x00000000d9980000)
 Metaspace       used 163917K, capacity 173358K, committed 177432K, reserved 1204224K
  class space    used 19655K, capacity 21351K, committed 22056K, reserved 1048576K
Event: 50474.768 GC heap after
Heap after GC invocations=154 (full 5):
 PSYoungGen      total 272896K, used 38241K [0x00000000eab00000, 0x0000000100000000, 0x0000000100000000)
  eden space 234496K, 0% used [0x00000000eab00000,0x00000000eab00000,0x00000000f9000000)
  from space 38400K, 99% used [0x00000000f9000000,0x00000000fb5586f0,0x00000000fb580000)
  to   space 57856K, 0% used [0x00000000fc780000,0x00000000fc780000,0x0000000100000000)
 ParOldGen       total 419328K, used 127360K [0x00000000c0000000, 0x00000000d9980000, 0x00000000eab00000)
  object space 419328K, 30% used [0x00000000c0000000,0x00000000c7c601e8,0x00000000d9980000)
 Metaspace       used 163917K, capacity 173358K, committed 177432K, reserved 1204224K
  class space    used 19655K, capacity 21351K, committed 22056K, reserved 1048576K
}
Event: 50476.285 GC heap before
{Heap before GC invocations=155 (full 5):
 PSYoungGen      total 272896K, used 272737K [0x00000000eab00000, 0x0000000100000000, 0x0000000100000000)
  eden space 234496K, 100% used [0x00000000eab00000,0x00000000f9000000,0x00000000f9000000)
  from space 38400K, 99% used [0x00000000f9000000,0x00000000fb5586f0,0x00000000fb580000)
  to   space 57856K, 0% used [0x00000000fc780000,0x00000000fc780000,0x0000000100000000)
 ParOldGen       total 419328K, used 127360K [0x00000000c0000000, 0x00000000d9980000, 0x00000000eab00000)
  object space 419328K, 30% used [0x00000000c0000000,0x00000000c7c601e8,0x00000000d9980000)
 Metaspace       used 163921K, capacity 173358K, committed 177432K, reserved 1204224K
  class space    used 19655K, capacity 21351K, committed 22056K, reserved 1048576K
Event: 50476.358 GC heap after
Heap after GC invocations=155 (full 5):
 PSYoungGen      total 259584K, used 57846K [0x00000000eab00000, 0x0000000100000000, 0x0000000100000000)
  eden space 201728K, 0% used [0x00000000eab00000,0x00000000eab00000,0x00000000f7000000)
  from space 57856K, 99% used [0x00000000fc780000,0x00000000ffffdbd0,0x0000000100000000)
  to   space 73728K, 0% used [0x00000000f7000000,0x00000000f7000000,0x00000000fb800000)
 ParOldGen       total 419328K, used 150440K [0x00000000c0000000, 0x00000000d9980000, 0x00000000eab00000)
  object space 419328K, 35% used [0x00000000c0000000,0x00000000c92ea0e0,0x00000000d9980000)
 Metaspace       used 163921K, capacity 173358K, committed 177432K, reserved 1204224K
  class space    used 19655K, capacity 21351K, committed 22056K, reserved 1048576K
}
Event: 50477.528 GC heap before
{Heap before GC invocations=156 (full 5):
 PSYoungGen      total 259584K, used 259574K [0x00000000eab00000, 0x0000000100000000, 0x0000000100000000)
  eden space 201728K, 100% used [0x00000000eab00000,0x00000000f7000000,0x00000000f7000000)
  from space 57856K, 99% used [0x00000000fc780000,0x00000000ffffdbd0,0x0000000100000000)
  to   space 73728K, 0% used [0x00000000f7000000,0x00000000f7000000,0x00000000fb800000)
 ParOldGen       total 419328K, used 150440K [0x00000000c0000000, 0x00000000d9980000, 0x00000000eab00000)
  object space 419328K, 35% used [0x00000000c0000000,0x00000000c92ea0e0,0x00000000d9980000)
 Metaspace       used 163937K, capacity 173358K, committed 177432K, reserved 1204224K
  class space    used 19655K, capacity 21351K, committed 22056K, reserved 1048576K

Deoptimization events (10 events):
Event: 50474.667 Thread 0x00000000275ba800 Uncommon trap: reason=unstable_if action=reinterpret pc=0x000000000a513cb0 method=com.android.tools.r8.ir.regalloc.LinearScanRegisterAllocator.overlapsMoveExceptionInterval(Lcom/android/tools/r8/ir/regalloc/LiveIntervals;)Z @ 21
Event: 50474.667 Thread 0x00000000275ba800 Uncommon trap: reason=unstable_if action=reinterpret pc=0x000000000a1f34ec method=com.android.tools.r8.ir.regalloc.LinearScanRegisterAllocator.overlapsMoveExceptionInterval(Lcom/android/tools/r8/ir/regalloc/LiveIntervals;)Z @ 21
Event: 50474.772 Thread 0x00000000275ba800 Uncommon trap: reason=unstable_if action=reinterpret pc=0x0000000008144330 method=com.android.tools.r8.ir.code.Instruction.identicalOutputAfterRegisterAllocation(Lcom/android/tools/r8/ir/code/Value;ILcom/android/tools/r8/ir/code/Value;ILcom/android/tools/
Event: 50474.977 Thread 0x00000000275ba800 Uncommon trap: reason=bimorphic action=maybe_recompile pc=0x000000000a9a8ef8 method=com.android.tools.r8.com.google.common.collect.ImmutableCollection.toArray()[Ljava/lang/Object; @ 1
Event: 50474.977 Thread 0x00000000275ba800 Uncommon trap: reason=class_check action=maybe_recompile pc=0x00000000043cbb08 method=com.android.tools.r8.com.google.common.collect.ImmutableList.copyIntoArray([Ljava/lang/Object;I)I @ 1
Event: 50474.977 Thread 0x00000000275ba800 Uncommon trap: reason=bimorphic action=maybe_recompile pc=0x000000000a9a8ef8 method=com.android.tools.r8.com.google.common.collect.ImmutableCollection.toArray()[Ljava/lang/Object; @ 1
Event: 50474.977 Thread 0x00000000275ba800 Uncommon trap: reason=class_check action=maybe_recompile pc=0x00000000043cbb08 method=com.android.tools.r8.com.google.common.collect.ImmutableList.copyIntoArray([Ljava/lang/Object;I)I @ 1
Event: 50475.926 Thread 0x000000001d3b8000 Uncommon trap: reason=unloaded action=reinterpret pc=0x000000000a4e4e0c method=com.android.tools.r8.code.BaseInstructionFactory.create(IILcom/android/tools/r8/code/BytecodeStream;Lcom/android/tools/r8/graph/OffsetToObjectMapping;)Lcom/android/tools/r8/cod
Event: 50475.985 Thread 0x00000000287c8000 Uncommon trap: reason=unstable_if action=reinterpret pc=0x00000000064f5c1c method=com.android.tools.r8.dex.Marker.parse(Lcom/android/tools/r8/graph/DexString;)Lcom/android/tools/r8/dex/Marker; @ 16
Event: 50476.414 Thread 0x000000001d3b8800 Uncommon trap: reason=unstable_if action=reinterpret pc=0x0000000003fe3e94 method=com.android.tools.r8.it.unimi.dsi.fastutil.objects.Object2IntLinkedOpenHashMap$MapIterator.hasNext()Z @ 5

Classes redefined (0 events):
No events

Internal exceptions (10 events):
Event: 50476.612 Thread 0x000000001d3b7000 Exception <a 'sun/nio/fs/WindowsException'> (0x00000000ed9fc740) thrown at [D:\src\AOSP-openjdk-cygwin\jdk8u\hotspot\src\share\vm\prims\jni.cpp, line 709]
Event: 50476.618 Thread 0x000000001d3c1000 Exception <a 'sun/nio/fs/WindowsException'> (0x00000000ede4e580) thrown at [D:\src\AOSP-openjdk-cygwin\jdk8u\hotspot\src\share\vm\prims\jni.cpp, line 709]
Event: 50476.619 Thread 0x000000001d3b8800 Exception <a 'sun/nio/fs/WindowsException'> (0x00000000eda9b968) thrown at [D:\src\AOSP-openjdk-cygwin\jdk8u\hotspot\src\share\vm\prims\jni.cpp, line 709]
Event: 50476.624 Thread 0x000000001d3b8000 Exception <a 'sun/nio/fs/WindowsException'> (0x00000000ee6735e0) thrown at [D:\src\AOSP-openjdk-cygwin\jdk8u\hotspot\src\share\vm\prims\jni.cpp, line 709]
Event: 50476.630 Thread 0x000000001d3be000 Exception <a 'sun/nio/fs/WindowsException'> (0x00000000eea6a340) thrown at [D:\src\AOSP-openjdk-cygwin\jdk8u\hotspot\src\share\vm\prims\jni.cpp, line 709]
Event: 50476.642 Thread 0x000000001d3c2800 Exception <a 'sun/nio/fs/WindowsException'> (0x00000000ef1287b0) thrown at [D:\src\AOSP-openjdk-cygwin\jdk8u\hotspot\src\share\vm\prims\jni.cpp, line 709]
Event: 50476.648 Thread 0x000000001d3bf800 Exception <a 'sun/nio/fs/WindowsException'> (0x00000000eed3b760) thrown at [D:\src\AOSP-openjdk-cygwin\jdk8u\hotspot\src\share\vm\prims\jni.cpp, line 709]
Event: 50476.660 Thread 0x000000001d3be000 Exception <a 'sun/nio/fs/WindowsException'> (0x00000000efa38d68) thrown at [D:\src\AOSP-openjdk-cygwin\jdk8u\hotspot\src\share\vm\prims\jni.cpp, line 709]
Event: 50476.669 Thread 0x000000001d3c2800 Exception <a 'sun/nio/fs/WindowsException'> (0x00000000efb2cd00) thrown at [D:\src\AOSP-openjdk-cygwin\jdk8u\hotspot\src\share\vm\prims\jni.cpp, line 709]
Event: 50477.148 Thread 0x000000001d3b8000 Exception <a 'sun/nio/fs/WindowsException'> (0x00000000f65678c0) thrown at [D:\src\AOSP-openjdk-cygwin\jdk8u\hotspot\src\share\vm\prims\jni.cpp, line 709]

Events (10 events):
Event: 50477.154 Executing VM operation: RevokeBias done
Event: 50477.154 Thread 0x000000001d3b8000 Thread exited: 0x000000001d3b8000
Event: 50477.154 Thread 0x000000001d3c1000 Thread exited: 0x000000001d3c1000
Event: 50477.154 Thread 0x000000001d3b8800 Thread exited: 0x000000001d3b8800
Event: 50477.154 Thread 0x000000001d3bf800 Thread exited: 0x000000001d3bf800
Event: 50477.154 Thread 0x000000001d3be000 Thread exited: 0x000000001d3be000
Event: 50477.154 Thread 0x000000001d53d000 Thread exited: 0x000000001d53d000
Event: 50477.154 Thread 0x000000001d3b7000 Thread exited: 0x000000001d3b7000
Event: 50477.154 Thread 0x000000001d3c2800 Thread exited: 0x000000001d3c2800
Event: 50477.527 Executing VM operation: ParallelGCFailedAllocation


Dynamic libraries:
0x00007ff781e80000 - 0x00007ff781eb1000 	D:\Android studio\jre\bin\java.exe
0x00007fff4d600000 - 0x00007fff4d7e1000 	C:\WINDOWS\SYSTEM32\ntdll.dll
0x00007fff4d1a0000 - 0x00007fff4d251000 	C:\WINDOWS\System32\KERNEL32.DLL
0x00007fff4a230000 - 0x00007fff4a4a3000 	C:\WINDOWS\System32\KERNELBASE.dll
0x00007fff4b380000 - 0x00007fff4b421000 	C:\WINDOWS\System32\ADVAPI32.dll
0x00007fff4c970000 - 0x00007fff4ca0e000 	C:\WINDOWS\System32\msvcrt.dll
0x00007fff4c910000 - 0x00007fff4c96b000 	C:\WINDOWS\System32\sechost.dll
0x00007fff4cba0000 - 0x00007fff4ccc4000 	C:\WINDOWS\System32\RPCRT4.dll
0x00007fff4ad90000 - 0x00007fff4af20000 	C:\WINDOWS\System32\USER32.dll
0x00007fff49a00000 - 0x00007fff49a20000 	C:\WINDOWS\System32\win32u.dll
0x00007fff4c870000 - 0x00007fff4c898000 	C:\WINDOWS\System32\GDI32.dll
0x00007fff4a7c0000 - 0x00007fff4a952000 	C:\WINDOWS\System32\gdi32full.dll
0x00007fff4a720000 - 0x00007fff4a7bf000 	C:\WINDOWS\System32\msvcp_win.dll
0x00007fff4a960000 - 0x00007fff4aa58000 	C:\WINDOWS\System32\ucrtbase.dll
0x00007fff34310000 - 0x00007fff34579000 	C:\WINDOWS\WinSxS\amd64_microsoft.windows.common-controls_6595b64144ccf1df_6.0.17134.706_none_fb43a2cb30647007\COMCTL32.dll
0x00007fff4aa60000 - 0x00007fff4ad82000 	C:\WINDOWS\System32\combase.dll
0x00007fff4a4b0000 - 0x00007fff4a52a000 	C:\WINDOWS\System32\bcryptPrimitives.dll
0x00007fff4d3d0000 - 0x00007fff4d3fd000 	C:\WINDOWS\System32\IMM32.DLL
0x0000000051310000 - 0x00000000513e2000 	D:\Android studio\jre\jre\bin\msvcr100.dll
0x0000000050ac0000 - 0x0000000051301000 	D:\Android studio\jre\jre\bin\server\jvm.dll
0x00007fff4b030000 - 0x00007fff4b038000 	C:\WINDOWS\System32\PSAPI.DLL
0x00007fff36be0000 - 0x00007fff36be9000 	C:\WINDOWS\SYSTEM32\WSOCK32.dll
0x00007fff447b0000 - 0x00007fff447ba000 	C:\WINDOWS\SYSTEM32\VERSION.dll
0x00007fff44340000 - 0x00007fff44363000 	C:\WINDOWS\SYSTEM32\WINMM.dll
0x00007fff4c8a0000 - 0x00007fff4c90c000 	C:\WINDOWS\System32\WS2_32.dll
0x00007fff44310000 - 0x00007fff4433a000 	C:\WINDOWS\SYSTEM32\winmmbase.dll
0x00007fff49a20000 - 0x00007fff49a69000 	C:\WINDOWS\System32\cfgmgr32.dll
0x00007fff44e50000 - 0x00007fff44e5f000 	D:\Android studio\jre\jre\bin\verify.dll
0x00007fff3ad30000 - 0x00007fff3ad59000 	D:\Android studio\jre\jre\bin\java.dll
0x00007fff44640000 - 0x00007fff44656000 	D:\Android studio\jre\jre\bin\zip.dll
0x00007fff4b430000 - 0x00007fff4c870000 	C:\WINDOWS\System32\SHELL32.dll
0x00007fff4af20000 - 0x00007fff4afc9000 	C:\WINDOWS\System32\shcore.dll
0x00007fff49a70000 - 0x00007fff4a17d000 	C:\WINDOWS\System32\windows.storage.dll
0x00007fff4afd0000 - 0x00007fff4b021000 	C:\WINDOWS\System32\shlwapi.dll
0x00007fff49960000 - 0x00007fff49971000 	C:\WINDOWS\System32\kernel.appcore.dll
0x00007fff49980000 - 0x00007fff4999f000 	C:\WINDOWS\System32\profapi.dll
0x00007fff49900000 - 0x00007fff4994c000 	C:\WINDOWS\System32\powrprof.dll
0x00007fff49950000 - 0x00007fff4995a000 	C:\WINDOWS\System32\FLTLIB.DLL
0x00007fff411b0000 - 0x00007fff411ca000 	D:\Android studio\jre\jre\bin\net.dll
0x00007fff49160000 - 0x00007fff491c6000 	C:\WINDOWS\system32\mswsock.dll
0x00007fff3f280000 - 0x00007fff3f291000 	D:\Android studio\jre\jre\bin\nio.dll
0x00007fff3db60000 - 0x00007fff3db7e000 	C:\Users\federico\.gradle\native\25\windows-amd64\native-platform.dll
0x00007fff44e40000 - 0x00007fff44e4d000 	D:\Android studio\jre\jre\bin\management.dll
0x00007fff49310000 - 0x00007fff49327000 	C:\WINDOWS\SYSTEM32\CRYPTSP.dll
0x00007fff48d40000 - 0x00007fff48d73000 	C:\WINDOWS\system32\rsaenh.dll
0x00007fff49440000 - 0x00007fff49465000 	C:\WINDOWS\SYSTEM32\bcrypt.dll
0x00007fff497e0000 - 0x00007fff49808000 	C:\WINDOWS\SYSTEM32\USERENV.dll
0x00007fff49330000 - 0x00007fff4933b000 	C:\WINDOWS\SYSTEM32\CRYPTBASE.dll
0x00007fff48ee0000 - 0x00007fff48f18000 	C:\WINDOWS\SYSTEM32\IPHLPAPI.DLL
0x00007fff4ca10000 - 0x00007fff4ca18000 	C:\WINDOWS\System32\NSI.dll
0x00007fff436b0000 - 0x00007fff436c6000 	C:\WINDOWS\SYSTEM32\dhcpcsvc6.DLL
0x00007fff439e0000 - 0x00007fff439fa000 	C:\WINDOWS\SYSTEM32\dhcpcsvc.DLL
0x00007fff48ae0000 - 0x00007fff48b11000 	C:\WINDOWS\SYSTEM32\ntmarta.dll
0x00007fff3a5c0000 - 0x00007fff3a5e4000 	D:\Android studio\jre\jre\bin\sunec.dll
0x00007fff48f20000 - 0x00007fff48fde000 	C:\WINDOWS\SYSTEM32\DNSAPI.dll
0x00007fff3c460000 - 0x00007fff3c46a000 	C:\Windows\System32\rasadhlp.dll
0x00007fff3d6a0000 - 0x00007fff3d712000 	C:\WINDOWS\System32\fwpuclnt.dll
0x00007fff46750000 - 0x00007fff4675b000 	D:\Android studio\jre\jre\bin\sunmscapi.dll
0x00007fff4a530000 - 0x00007fff4a712000 	C:\WINDOWS\System32\CRYPT32.dll
0x00007fff498e0000 - 0x00007fff498f2000 	C:\WINDOWS\System32\MSASN1.dll
0x00007fff47c90000 - 0x00007fff47d1b000 	C:\WINDOWS\system32\apphelp.dll
0x00007fff366f0000 - 0x00007fff368b9000 	C:\WINDOWS\SYSTEM32\dbghelp.dll

VM Arguments:
jvm_args: -Xmx1024m -Dfile.encoding=windows-1252 -Duser.country=US -Duser.language=en -Duser.variant 
java_command: org.gradle.launcher.daemon.bootstrap.GradleDaemon 5.1.1
java_class_path (initial): C:\Users\federico\.gradle\wrapper\dists\gradle-5.1.1-all\97z1ksx6lirer3kbvdnh7jtjg\gradle-5.1.1\lib\gradle-launcher-5.1.1.jar
Launcher Type: SUN_STANDARD

Environment Variables:
PATH=C:\Program Files (x86)\Common Files\Oracle\Java\javapath;C:\Windows\system32;C:\Windows;C:\Windows\System32\Wbem;C:\Windows\System32\WindowsPowerShell\v1.0\;C:\Program Files (x86)\NVIDIA Corporation\PhysX\Common;C:\WINDOWS\system32;C:\WINDOWS;C:\WINDOWS\System32\Wbem;C:\WINDOWS\System32\WindowsPowerShell\v1.0\;C:\Program Files (x86)\GtkSharp\2.12\bin;E:\PostGressSql\bin;E:\PostGressSql\pgAdmin 4\bin;C:\WINDOWS\System32\OpenSSH\;E:\nodejs\;C:\Program Files\NVIDIA Corporation\NVIDIA NvDLISR;D:\Git\cmd;D:\CodeLite\tdmRobe\bin;C:\Users\federico\AppData\Local\Microsoft\WindowsApps;C:\Users\federico\AppData\Roaming\npm;D:\Microsoft VS Code\bin;C:\Users\federico\AppData\Local\GitHubDesktop\bin
USERNAME=federico
OS=Windows_NT
PROCESSOR_IDENTIFIER=Intel64 Family 6 Model 60 Stepping 3, GenuineIntel



---------------  S Y S T E M  ---------------

OS: Windows 10.0 , 64 bit Build 17134 (10.0.17134.706)

CPU:total 8 (initial active 8) (4 cores per cpu, 2 threads per core) family 6 model 60 stepping 3, cmov, cx8, fxsr, mmx, sse, sse2, sse3, ssse3, sse4.1, sse4.2, popcnt, avx, avx2, clmul, erms, lzcnt, ht, tsc, tscinvbit, bmi1, bmi2

Memory: 4k page, physical 12522768k(3243844k free), swap 16703928k(2776672k free)

vm_info: OpenJDK 64-Bit Server VM (25.152-b01) for windows-amd64 JRE (1.8.0_152-release-1343-b01), built by "builder" with MS VC++ 10.0 (VS2010)

time: Sat Apr 27 01:37:33 2019
elapsed time: 50477 seconds (0d 14h 1m 17s)

